25-05-15.00:17:03.882 [main            ] INFO  RaffleStrategyTest     - Starting RaffleStrategyTest using Java 1.8.0_412 on Mac.lan with PID 35379 (started by bo in /Users/bo/IdeaProjects/XFG/big-market/big-market-app)
25-05-15.00:17:03.883 [main            ] INFO  RaffleStrategyTest     - The following 1 profile is active: "dev"
25-05-15.00:17:04.287 [main            ] INFO  RepositoryConfigurationDelegate - Multiple Spring Data modules found, entering strict repository configuration mode
25-05-15.00:17:04.289 [main            ] INFO  RepositoryConfigurationDelegate - Bootstrapping Spring Data Redis repositories in DEFAULT mode.
25-05-15.00:17:04.306 [main            ] INFO  RepositoryConfigurationDelegate - Finished Spring Data repository scanning in 8 ms. Found 0 Redis repository interfaces.
25-05-15.00:17:04.974 [main            ] INFO  Version                - Redisson 3.23.4
25-05-15.00:17:04.989 [main            ] WARN  DnsServerAddressStreamProviders - Can not find io.netty.resolver.dns.macos.MacOSDnsServerAddressStreamProvider in the classpath, fallback to system defaults. This may result in incorrect DNS resolutions on MacOS. Check whether you have a dependency on 'io.netty:netty-resolver-dns-native-macos'
25-05-15.00:17:05.086 [redisson-netty-2-4] INFO  MasterPubSubConnectionPool - 1 connections initialized for 127.0.0.1/127.0.0.1:16379
25-05-15.00:17:05.096 [redisson-netty-2-13] INFO  MasterConnectionPool   - 5 connections initialized for 127.0.0.1/127.0.0.1:16379
25-05-15.00:17:05.470 [main            ] WARN  GenericWebApplicationContext - Exception encountered during context initialization - cancelling refresh attempt: org.springframework.beans.factory.BeanCreationException: Error creating bean with name 'requestMappingHandlerMapping' defined in class path resource [org/springframework/boot/autoconfigure/web/servlet/WebMvcAutoConfiguration$EnableWebMvcConfiguration.class]: Invocation of init method failed; nested exception is java.lang.IllegalStateException: Invalid mapping on handler class [cn.bobo.trigger.http.RaffleController]: public cn.bobo.types.model.Response cn.bobo.trigger.http.RaffleController.strategyArmory(java.lang.Long)
25-05-15.00:17:05.488 [main            ] INFO  ConditionEvaluationReportLoggingListener - 

Error starting ApplicationContext. To display the conditions report re-run your application with 'debug' enabled.
25-05-15.00:17:05.496 [main            ] ERROR LoggingFailureAnalysisReporter - 

***************************
APPLICATION FAILED TO START
***************************

Description:

Invalid mapping pattern detected: /api/{app.config.api-version}/raffle/
         ^
Char '.' is not allowed in a captured variable name

Action:

Fix this pattern in your application or switch to the legacy parser implementation with 'spring.mvc.pathmatch.matching-strategy=ant_path_matcher'.

25-05-15.00:17:05.498 [main            ] ERROR TestContextManager     - Caught exception while allowing TestExecutionListener [org.springframework.test.context.web.ServletTestExecutionListener@20d525] to prepare test instance [cn.bobo.test.domain.strategy.RaffleStrategyTest@5cf0673d]
java.lang.IllegalStateException: Failed to load ApplicationContext
	at org.springframework.test.context.cache.DefaultCacheAwareContextLoaderDelegate.loadContext(DefaultCacheAwareContextLoaderDelegate.java:98)
	at org.springframework.test.context.support.DefaultTestContext.getApplicationContext(DefaultTestContext.java:124)
	at org.springframework.test.context.web.ServletTestExecutionListener.setUpRequestContextIfNecessary(ServletTestExecutionListener.java:190)
	at org.springframework.test.context.web.ServletTestExecutionListener.prepareTestInstance(ServletTestExecutionListener.java:132)
	at org.springframework.test.context.TestContextManager.prepareTestInstance(TestContextManager.java:248)
	at org.springframework.test.context.junit4.SpringJUnit4ClassRunner.createTest(SpringJUnit4ClassRunner.java:227)
	at org.springframework.test.context.junit4.SpringJUnit4ClassRunner$1.runReflectiveCall(SpringJUnit4ClassRunner.java:289)
	at org.junit.internal.runners.model.ReflectiveCallable.run(ReflectiveCallable.java:12)
	at org.springframework.test.context.junit4.SpringJUnit4ClassRunner.methodBlock(SpringJUnit4ClassRunner.java:291)
	at org.springframework.test.context.junit4.SpringJUnit4ClassRunner.runChild(SpringJUnit4ClassRunner.java:246)
	at org.springframework.test.context.junit4.SpringJUnit4ClassRunner.runChild(SpringJUnit4ClassRunner.java:97)
	at org.junit.runners.ParentRunner$4.run(ParentRunner.java:331)
	at org.junit.runners.ParentRunner$1.schedule(ParentRunner.java:79)
	at org.junit.runners.ParentRunner.runChildren(ParentRunner.java:329)
	at org.junit.runners.ParentRunner.access$100(ParentRunner.java:66)
	at org.junit.runners.ParentRunner$2.evaluate(ParentRunner.java:293)
	at org.springframework.test.context.junit4.statements.RunBeforeTestClassCallbacks.evaluate(RunBeforeTestClassCallbacks.java:61)
	at org.springframework.test.context.junit4.statements.RunAfterTestClassCallbacks.evaluate(RunAfterTestClassCallbacks.java:70)
	at org.junit.runners.ParentRunner$3.evaluate(ParentRunner.java:306)
	at org.junit.runners.ParentRunner.run(ParentRunner.java:413)
	at org.springframework.test.context.junit4.SpringJUnit4ClassRunner.run(SpringJUnit4ClassRunner.java:190)
	at org.junit.runner.JUnitCore.run(JUnitCore.java:137)
	at com.intellij.junit4.JUnit4IdeaTestRunner.startRunnerWithArgs(JUnit4IdeaTestRunner.java:69)
	at com.intellij.rt.junit.IdeaTestRunner$Repeater$1.execute(IdeaTestRunner.java:38)
	at com.intellij.rt.execution.junit.TestsRepeater.repeat(TestsRepeater.java:11)
	at com.intellij.rt.junit.IdeaTestRunner$Repeater.startRunnerWithArgs(IdeaTestRunner.java:35)
	at com.intellij.rt.junit.JUnitStarter.prepareStreamsAndStart(JUnitStarter.java:231)
	at com.intellij.rt.junit.JUnitStarter.main(JUnitStarter.java:55)
Caused by: org.springframework.beans.factory.BeanCreationException: Error creating bean with name 'requestMappingHandlerMapping' defined in class path resource [org/springframework/boot/autoconfigure/web/servlet/WebMvcAutoConfiguration$EnableWebMvcConfiguration.class]: Invocation of init method failed; nested exception is java.lang.IllegalStateException: Invalid mapping on handler class [cn.bobo.trigger.http.RaffleController]: public cn.bobo.types.model.Response cn.bobo.trigger.http.RaffleController.strategyArmory(java.lang.Long)
	at org.springframework.beans.factory.support.AbstractAutowireCapableBeanFactory.initializeBean(AbstractAutowireCapableBeanFactory.java:1804)
	at org.springframework.beans.factory.support.AbstractAutowireCapableBeanFactory.doCreateBean(AbstractAutowireCapableBeanFactory.java:620)
	at org.springframework.beans.factory.support.AbstractAutowireCapableBeanFactory.createBean(AbstractAutowireCapableBeanFactory.java:542)
	at org.springframework.beans.factory.support.AbstractBeanFactory.lambda$doGetBean$0(AbstractBeanFactory.java:335)
	at org.springframework.beans.factory.support.DefaultSingletonBeanRegistry.getSingleton(DefaultSingletonBeanRegistry.java:234)
	at org.springframework.beans.factory.support.AbstractBeanFactory.doGetBean(AbstractBeanFactory.java:333)
	at org.springframework.beans.factory.support.AbstractBeanFactory.getBean(AbstractBeanFactory.java:208)
	at org.springframework.beans.factory.support.DefaultListableBeanFactory.preInstantiateSingletons(DefaultListableBeanFactory.java:955)
	at org.springframework.context.support.AbstractApplicationContext.finishBeanFactoryInitialization(AbstractApplicationContext.java:920)
	at org.springframework.context.support.AbstractApplicationContext.refresh(AbstractApplicationContext.java:583)
	at org.springframework.boot.SpringApplication.refresh(SpringApplication.java:731)
	at org.springframework.boot.SpringApplication.refreshContext(SpringApplication.java:408)
	at org.springframework.boot.SpringApplication.run(SpringApplication.java:307)
	at org.springframework.boot.test.context.SpringBootContextLoader.loadContext(SpringBootContextLoader.java:136)
	at org.springframework.test.context.cache.DefaultCacheAwareContextLoaderDelegate.loadContextInternal(DefaultCacheAwareContextLoaderDelegate.java:141)
	at org.springframework.test.context.cache.DefaultCacheAwareContextLoaderDelegate.loadContext(DefaultCacheAwareContextLoaderDelegate.java:90)
	... 27 common frames omitted
Caused by: java.lang.IllegalStateException: Invalid mapping on handler class [cn.bobo.trigger.http.RaffleController]: public cn.bobo.types.model.Response cn.bobo.trigger.http.RaffleController.strategyArmory(java.lang.Long)
	at org.springframework.web.servlet.handler.AbstractHandlerMethodMapping.lambda$detectHandlerMethods$1(AbstractHandlerMethodMapping.java:288)
	at org.springframework.core.MethodIntrospector.lambda$selectMethods$0(MethodIntrospector.java:74)
	at org.springframework.util.ReflectionUtils.doWithMethods(ReflectionUtils.java:367)
	at org.springframework.core.MethodIntrospector.selectMethods(MethodIntrospector.java:72)
	at org.springframework.web.servlet.handler.AbstractHandlerMethodMapping.detectHandlerMethods(AbstractHandlerMethodMapping.java:281)
	at org.springframework.web.servlet.handler.AbstractHandlerMethodMapping.processCandidateBean(AbstractHandlerMethodMapping.java:266)
	at org.springframework.web.servlet.handler.AbstractHandlerMethodMapping.initHandlerMethods(AbstractHandlerMethodMapping.java:225)
	at org.springframework.web.servlet.handler.AbstractHandlerMethodMapping.afterPropertiesSet(AbstractHandlerMethodMapping.java:213)
	at org.springframework.web.servlet.mvc.method.annotation.RequestMappingHandlerMapping.afterPropertiesSet(RequestMappingHandlerMapping.java:205)
	at org.springframework.beans.factory.support.AbstractAutowireCapableBeanFactory.invokeInitMethods(AbstractAutowireCapableBeanFactory.java:1863)
	at org.springframework.beans.factory.support.AbstractAutowireCapableBeanFactory.initializeBean(AbstractAutowireCapableBeanFactory.java:1800)
	... 42 common frames omitted
Caused by: org.springframework.web.util.pattern.PatternParseException: Char '.' is not allowed in a captured variable name
	at org.springframework.web.util.pattern.InternalPathPatternParser.parse(InternalPathPatternParser.java:179)
	at org.springframework.web.util.pattern.PathPatternParser.parse(PathPatternParser.java:110)
	at org.springframework.web.servlet.mvc.condition.PathPatternsRequestCondition.parse(PathPatternsRequestCondition.java:82)
	at org.springframework.web.servlet.mvc.condition.PathPatternsRequestCondition.<init>(PathPatternsRequestCondition.java:70)
	at org.springframework.web.servlet.mvc.method.RequestMappingInfo$DefaultBuilder.build(RequestMappingInfo.java:712)
	at org.springframework.web.servlet.mvc.method.annotation.RequestMappingHandlerMapping.createRequestMappingInfo(RequestMappingHandlerMapping.java:379)
	at org.springframework.web.servlet.mvc.method.annotation.RequestMappingHandlerMapping.createRequestMappingInfo(RequestMappingHandlerMapping.java:324)
	at org.springframework.web.servlet.mvc.method.annotation.RequestMappingHandlerMapping.getMappingForMethod(RequestMappingHandlerMapping.java:286)
	at org.springframework.web.servlet.mvc.method.annotation.RequestMappingHandlerMapping.getMappingForMethod(RequestMappingHandlerMapping.java:76)
	at org.springframework.web.servlet.handler.AbstractHandlerMethodMapping.lambda$detectHandlerMethods$1(AbstractHandlerMethodMapping.java:284)
	... 52 common frames omitted
25-05-15.01:01:55.543 [main            ] INFO  RaffleStrategyTest     - Starting RaffleStrategyTest using Java 1.8.0_412 on Mac.lan with PID 41457 (started by bo in /Users/bo/IdeaProjects/XFG/big-market/big-market-app)
25-05-15.01:01:55.544 [main            ] INFO  RaffleStrategyTest     - The following 1 profile is active: "dev"
25-05-15.01:01:55.921 [main            ] INFO  RepositoryConfigurationDelegate - Multiple Spring Data modules found, entering strict repository configuration mode
25-05-15.01:01:55.922 [main            ] INFO  RepositoryConfigurationDelegate - Bootstrapping Spring Data Redis repositories in DEFAULT mode.
25-05-15.01:01:55.945 [main            ] INFO  RepositoryConfigurationDelegate - Finished Spring Data repository scanning in 10 ms. Found 0 Redis repository interfaces.
25-05-15.01:01:56.587 [main            ] INFO  Version                - Redisson 3.23.4
25-05-15.01:01:56.603 [main            ] WARN  DnsServerAddressStreamProviders - Can not find io.netty.resolver.dns.macos.MacOSDnsServerAddressStreamProvider in the classpath, fallback to system defaults. This may result in incorrect DNS resolutions on MacOS. Check whether you have a dependency on 'io.netty:netty-resolver-dns-native-macos'
25-05-15.01:01:56.692 [redisson-netty-2-4] INFO  MasterPubSubConnectionPool - 1 connections initialized for 127.0.0.1/127.0.0.1:16379
25-05-15.01:01:56.700 [redisson-netty-2-13] INFO  MasterConnectionPool   - 5 connections initialized for 127.0.0.1/127.0.0.1:16379
25-05-15.01:01:57.466 [main            ] INFO  EndpointLinksResolver  - Exposing 1 endpoint(s) beneath base path '/actuator'
25-05-15.01:01:57.496 [main            ] INFO  RaffleStrategyTest     - Started RaffleStrategyTest in 2.141 seconds (JVM running for 2.592)
25-05-15.01:01:57.617 [main            ] INFO  HikariDataSource       - HikariPool-1 - Starting...
25-05-15.01:01:57.790 [main            ] INFO  HikariDataSource       - HikariPool-1 - Start completed.
25-05-15.01:01:57.847 [SpringApplicationShutdownHook] INFO  HikariDataSource       - HikariPool-1 - Shutdown initiated...
25-05-15.01:01:57.848 [SpringApplicationShutdownHook] INFO  HikariDataSource       - HikariPool-1 - Shutdown completed.
25-05-15.01:07:29.734 [main            ] INFO  RaffleStrategyTest     - Starting RaffleStrategyTest using Java 1.8.0_412 on Mac.lan with PID 42463 (started by bo in /Users/bo/IdeaProjects/XFG/big-market/big-market-app)
25-05-15.01:07:29.735 [main            ] INFO  RaffleStrategyTest     - The following 1 profile is active: "dev"
25-05-15.01:07:30.113 [main            ] INFO  RepositoryConfigurationDelegate - Multiple Spring Data modules found, entering strict repository configuration mode
25-05-15.01:07:30.115 [main            ] INFO  RepositoryConfigurationDelegate - Bootstrapping Spring Data Redis repositories in DEFAULT mode.
25-05-15.01:07:30.132 [main            ] INFO  RepositoryConfigurationDelegate - Finished Spring Data repository scanning in 9 ms. Found 0 Redis repository interfaces.
25-05-15.01:07:30.785 [main            ] INFO  Version                - Redisson 3.23.4
25-05-15.01:07:30.800 [main            ] WARN  DnsServerAddressStreamProviders - Can not find io.netty.resolver.dns.macos.MacOSDnsServerAddressStreamProvider in the classpath, fallback to system defaults. This may result in incorrect DNS resolutions on MacOS. Check whether you have a dependency on 'io.netty:netty-resolver-dns-native-macos'
25-05-15.01:07:30.893 [redisson-netty-2-4] INFO  MasterPubSubConnectionPool - 1 connections initialized for 127.0.0.1/127.0.0.1:16379
25-05-15.01:07:30.904 [redisson-netty-2-13] INFO  MasterConnectionPool   - 5 connections initialized for 127.0.0.1/127.0.0.1:16379
25-05-15.01:07:31.740 [main            ] INFO  EndpointLinksResolver  - Exposing 1 endpoint(s) beneath base path '/actuator'
25-05-15.01:07:31.774 [main            ] INFO  RaffleStrategyTest     - Started RaffleStrategyTest in 2.228 seconds (JVM running for 2.649)
25-05-15.01:07:31.880 [main            ] INFO  HikariDataSource       - HikariPool-1 - Starting...
25-05-15.01:07:32.049 [main            ] INFO  HikariDataSource       - HikariPool-1 - Start completed.
25-05-15.01:07:32.109 [main            ] INFO  RaffleStrategyTest     - Test Result: true
25-05-15.01:07:32.124 [main            ] INFO  DefaultLogicChain      - Ruffle chain of responsibility - default; userId:bobo001 strategyId:100004 awardId:109
25-05-15.01:07:32.125 [main            ] INFO  AbstractRaffleStrategy - ruffle strategy calculate - chain raffle result: bobo001 100004 109 rule_default
25-05-15.01:07:32.186 [SpringApplicationShutdownHook] INFO  HikariDataSource       - HikariPool-1 - Shutdown initiated...
25-05-15.01:07:32.191 [SpringApplicationShutdownHook] INFO  HikariDataSource       - HikariPool-1 - Shutdown completed.
25-05-15.01:08:26.476 [main            ] INFO  RaffleStrategyTest     - Starting RaffleStrategyTest using Java 1.8.0_412 on Mac.lan with PID 42522 (started by bo in /Users/bo/IdeaProjects/XFG/big-market/big-market-app)
25-05-15.01:08:26.477 [main            ] INFO  RaffleStrategyTest     - The following 1 profile is active: "dev"
25-05-15.01:08:26.874 [main            ] INFO  RepositoryConfigurationDelegate - Multiple Spring Data modules found, entering strict repository configuration mode
25-05-15.01:08:26.876 [main            ] INFO  RepositoryConfigurationDelegate - Bootstrapping Spring Data Redis repositories in DEFAULT mode.
25-05-15.01:08:26.897 [main            ] INFO  RepositoryConfigurationDelegate - Finished Spring Data repository scanning in 9 ms. Found 0 Redis repository interfaces.
25-05-15.01:08:27.556 [main            ] INFO  Version                - Redisson 3.23.4
25-05-15.01:08:27.573 [main            ] WARN  DnsServerAddressStreamProviders - Can not find io.netty.resolver.dns.macos.MacOSDnsServerAddressStreamProvider in the classpath, fallback to system defaults. This may result in incorrect DNS resolutions on MacOS. Check whether you have a dependency on 'io.netty:netty-resolver-dns-native-macos'
25-05-15.01:08:27.669 [redisson-netty-2-4] INFO  MasterPubSubConnectionPool - 1 connections initialized for 127.0.0.1/127.0.0.1:16379
25-05-15.01:08:27.678 [redisson-netty-2-13] INFO  MasterConnectionPool   - 5 connections initialized for 127.0.0.1/127.0.0.1:16379
25-05-15.01:08:28.437 [main            ] INFO  EndpointLinksResolver  - Exposing 1 endpoint(s) beneath base path '/actuator'
25-05-15.01:08:28.470 [main            ] INFO  RaffleStrategyTest     - Started RaffleStrategyTest in 2.187 seconds (JVM running for 2.63)
25-05-15.01:08:28.598 [main            ] INFO  RaffleStrategyTest     - Test Result: true
25-05-15.01:08:28.603 [main            ] INFO  DefaultLogicChain      - Ruffle chain of responsibility - default; userId:bobo001 strategyId:100004 awardId:109
25-05-15.01:08:28.604 [main            ] INFO  AbstractRaffleStrategy - ruffle strategy calculate - chain raffle result: bobo001 100004 109 rule_default
25-05-15.01:08:28.612 [main            ] INFO  HikariDataSource       - HikariPool-1 - Starting...
25-05-15.01:08:28.785 [main            ] INFO  HikariDataSource       - HikariPool-1 - Start completed.
25-05-15.01:08:28.820 [main            ] INFO  RuleStockLogicTreeNode - rule filter - inventory subtraction - strategyId: 100004, awardId: 109
25-05-15.01:08:28.835 [main            ] INFO  DecisionTreeEngine     - Decision Tree Engine [规则树-兜底奖励] treeId:tree_luck_award node:rule_stock code:0001
25-05-15.01:08:28.835 [main            ] INFO  AbstractRaffleStrategy - ruffle strategy calculate - tree raffle result: bobo001 100004 109 
25-05-15.01:08:28.918 [main            ] INFO  RaffleStrategyTest     - Request Parameters: {"strategyId":100004,"userId":"bobo001"}
25-05-15.01:08:28.919 [main            ] INFO  RaffleStrategyTest     - Test Result: {"awardConfig":"","awardId":109,"sort":9}
25-05-15.01:08:28.923 [main            ] INFO  DefaultLogicChain      - Ruffle chain of responsibility - default; userId:bobo001 strategyId:100004 awardId:109
25-05-15.01:08:28.923 [main            ] INFO  AbstractRaffleStrategy - ruffle strategy calculate - chain raffle result: bobo001 100004 109 rule_default
25-05-15.01:08:28.928 [main            ] INFO  RuleStockLogicTreeNode - rule filter - inventory subtraction - strategyId: 100004, awardId: 109
25-05-15.01:08:28.930 [main            ] INFO  DecisionTreeEngine     - Decision Tree Engine [规则树-兜底奖励] treeId:tree_luck_award node:rule_stock code:0000
25-05-15.01:08:28.930 [main            ] INFO  RuleLuckAwardLogicTreeNode - rule filter - rule luck(fallback) award userId:bobo001 strategyId:100004 awardId:109
25-05-15.01:08:28.930 [main            ] INFO  RuleLuckAwardLogicTreeNode - rule filter - return fallback award userId:bobo001 strategyId:100004 awardId:101 awardRuleValue:1,100
25-05-15.01:08:28.930 [main            ] INFO  DecisionTreeEngine     - Decision Tree Engine [规则树-兜底奖励] treeId:tree_luck_award node:rule_luck_award code:0001
25-05-15.01:08:28.930 [main            ] INFO  AbstractRaffleStrategy - ruffle strategy calculate - tree raffle result: bobo001 100004 101 1,100
25-05-15.01:08:28.958 [SpringApplicationShutdownHook] INFO  HikariDataSource       - HikariPool-1 - Shutdown initiated...
25-05-15.01:08:28.966 [SpringApplicationShutdownHook] INFO  HikariDataSource       - HikariPool-1 - Shutdown completed.
25-05-15.01:09:09.583 [main            ] INFO  RaffleStrategyTest     - Starting RaffleStrategyTest using Java 1.8.0_412 on Mac.lan with PID 42566 (started by bo in /Users/bo/IdeaProjects/XFG/big-market/big-market-app)
25-05-15.01:09:09.584 [main            ] INFO  RaffleStrategyTest     - The following 1 profile is active: "dev"
25-05-15.01:09:09.936 [main            ] INFO  RepositoryConfigurationDelegate - Multiple Spring Data modules found, entering strict repository configuration mode
25-05-15.01:09:09.938 [main            ] INFO  RepositoryConfigurationDelegate - Bootstrapping Spring Data Redis repositories in DEFAULT mode.
25-05-15.01:09:09.958 [main            ] INFO  RepositoryConfigurationDelegate - Finished Spring Data repository scanning in 8 ms. Found 0 Redis repository interfaces.
25-05-15.01:09:10.567 [main            ] INFO  Version                - Redisson 3.23.4
25-05-15.01:09:10.581 [main            ] WARN  DnsServerAddressStreamProviders - Can not find io.netty.resolver.dns.macos.MacOSDnsServerAddressStreamProvider in the classpath, fallback to system defaults. This may result in incorrect DNS resolutions on MacOS. Check whether you have a dependency on 'io.netty:netty-resolver-dns-native-macos'
25-05-15.01:09:10.673 [redisson-netty-2-4] INFO  MasterPubSubConnectionPool - 1 connections initialized for 127.0.0.1/127.0.0.1:16379
25-05-15.01:09:10.680 [redisson-netty-2-13] INFO  MasterConnectionPool   - 5 connections initialized for 127.0.0.1/127.0.0.1:16379
25-05-15.01:09:11.427 [main            ] INFO  EndpointLinksResolver  - Exposing 1 endpoint(s) beneath base path '/actuator'
25-05-15.01:09:11.459 [main            ] INFO  RaffleStrategyTest     - Started RaffleStrategyTest in 2.063 seconds (JVM running for 2.455)
25-05-15.01:09:11.588 [main            ] INFO  RaffleStrategyTest     - Test Result: true
25-05-15.01:09:11.593 [main            ] INFO  DefaultLogicChain      - Ruffle chain of responsibility - default; userId:bobo001 strategyId:100004 awardId:109
25-05-15.01:09:11.594 [main            ] INFO  AbstractRaffleStrategy - ruffle strategy calculate - chain raffle result: bobo001 100004 109 rule_default
25-05-15.01:09:11.603 [main            ] INFO  HikariDataSource       - HikariPool-1 - Starting...
25-05-15.01:09:11.763 [main            ] INFO  HikariDataSource       - HikariPool-1 - Start completed.
25-05-15.01:09:11.789 [main            ] INFO  RuleStockLogicTreeNode - rule filter - inventory subtraction - strategyId: 100004, awardId: 109
25-05-15.01:09:11.792 [main            ] INFO  DecisionTreeEngine     - Decision Tree Engine [规则树-兜底奖励] treeId:tree_luck_award node:rule_stock code:0000
25-05-15.01:09:11.792 [main            ] INFO  RuleLuckAwardLogicTreeNode - rule filter - rule luck(fallback) award userId:bobo001 strategyId:100004 awardId:109
25-05-15.01:09:11.792 [main            ] INFO  RuleLuckAwardLogicTreeNode - rule filter - return fallback award userId:bobo001 strategyId:100004 awardId:101 awardRuleValue:1,100
25-05-15.01:09:11.792 [main            ] INFO  DecisionTreeEngine     - Decision Tree Engine [规则树-兜底奖励] treeId:tree_luck_award node:rule_luck_award code:0001
25-05-15.01:09:11.792 [main            ] INFO  AbstractRaffleStrategy - ruffle strategy calculate - tree raffle result: bobo001 100004 101 1,100
25-05-15.01:09:11.815 [SpringApplicationShutdownHook] INFO  HikariDataSource       - HikariPool-1 - Shutdown initiated...
25-05-15.01:09:11.816 [SpringApplicationShutdownHook] INFO  HikariDataSource       - HikariPool-1 - Shutdown completed.
