25-05-23.13:18:29.248 [main            ] INFO  RaffleOrderTest        - Starting RaffleOrderTest using Java 1.8.0_412 on Bos-MacBook-Pro.local with PID 39868 (started by bo in /Users/bo/IdeaProjects/XFG/big-market/big-market-app)
25-05-23.13:18:29.249 [main            ] INFO  RaffleOrderTest        - The following 1 profile is active: "dev"
25-05-23.13:18:29.676 [main            ] INFO  RepositoryConfigurationDelegate - Multiple Spring Data modules found, entering strict repository configuration mode
25-05-23.13:18:29.678 [main            ] INFO  RepositoryConfigurationDelegate - Bootstrapping Spring Data Redis repositories in DEFAULT mode.
25-05-23.13:18:29.700 [main            ] INFO  RepositoryConfigurationDelegate - Finished Spring Data repository scanning in 9 ms. Found 0 Redis repository interfaces.
25-05-23.13:18:30.492 [main            ] INFO  Version                - Redisson 3.23.4
25-05-23.13:18:30.505 [main            ] WARN  DnsServerAddressStreamProviders - Can not find io.netty.resolver.dns.macos.MacOSDnsServerAddressStreamProvider in the classpath, fallback to system defaults. This may result in incorrect DNS resolutions on MacOS. Check whether you have a dependency on 'io.netty:netty-resolver-dns-native-macos'
25-05-23.13:18:30.593 [redisson-netty-2-5] INFO  MasterPubSubConnectionPool - 1 connections initialized for 127.0.0.1/127.0.0.1:16379
25-05-23.13:18:30.603 [redisson-netty-2-13] INFO  MasterConnectionPool   - 5 connections initialized for 127.0.0.1/127.0.0.1:16379
25-05-23.13:18:31.535 [main            ] INFO  EndpointLinksResolver  - Exposing 1 endpoint(s) beneath base path '/actuator'
25-05-23.13:18:31.565 [main            ] INFO  RaffleOrderTest        - Started RaffleOrderTest in 2.522 seconds (JVM running for 2.943)
25-05-23.13:18:31.697 [main            ] INFO  HikariDataSource       - Retail_HikariCP - Starting...
25-05-23.13:18:31.899 [main            ] INFO  HikariDataSource       - Retail_HikariCP - Start completed.
25-05-23.13:18:31.954 [main            ] INFO  ActivityBaseActionChain - activity responsibility chain - basic information [validity period, status] verification start.
25-05-23.13:18:31.954 [main            ] INFO  ActivitySkuStockActionChain - activity responsibility chain - sku stock processing [verification & deduction] start.
25-05-23.13:18:31.956 [main            ] INFO  HikariDataSource       - Retail_HikariCP - Starting...
25-05-23.13:18:31.975 [main            ] INFO  HikariDataSource       - Retail_HikariCP - Start completed.
25-05-23.21:52:43.102 [main            ] INFO  RaffleOrderTest        - Starting RaffleOrderTest using Java 1.8.0_451 on Mac.lan with PID 44547 (started by bo in /Users/bo/IdeaProjects/XFG/big-market/big-market-app)
25-05-23.21:52:43.102 [main            ] INFO  RaffleOrderTest        - The following 1 profile is active: "dev"
25-05-23.21:52:43.531 [main            ] INFO  RepositoryConfigurationDelegate - Multiple Spring Data modules found, entering strict repository configuration mode
25-05-23.21:52:43.532 [main            ] INFO  RepositoryConfigurationDelegate - Bootstrapping Spring Data Redis repositories in DEFAULT mode.
25-05-23.21:52:43.549 [main            ] INFO  RepositoryConfigurationDelegate - Finished Spring Data repository scanning in 9 ms. Found 0 Redis repository interfaces.
25-05-23.21:52:44.300 [main            ] INFO  Version                - Redisson 3.23.4
25-05-23.21:52:44.312 [main            ] WARN  DnsServerAddressStreamProviders - Can not find io.netty.resolver.dns.macos.MacOSDnsServerAddressStreamProvider in the classpath, fallback to system defaults. This may result in incorrect DNS resolutions on MacOS. Check whether you have a dependency on 'io.netty:netty-resolver-dns-native-macos'
25-05-23.21:52:44.392 [redisson-netty-2-4] INFO  MasterPubSubConnectionPool - 1 connections initialized for 127.0.0.1/127.0.0.1:16379
25-05-23.21:52:44.399 [redisson-netty-2-13] INFO  MasterConnectionPool   - 5 connections initialized for 127.0.0.1/127.0.0.1:16379
25-05-23.21:52:45.267 [main            ] INFO  EndpointLinksResolver  - Exposing 1 endpoint(s) beneath base path '/actuator'
25-05-23.21:52:45.298 [main            ] INFO  RaffleOrderTest        - Started RaffleOrderTest in 2.502 seconds (JVM running for 3.293)
25-05-23.21:52:45.418 [main            ] INFO  HikariDataSource       - Retail_HikariCP - Starting...
25-05-23.21:52:45.832 [main            ] INFO  HikariDataSource       - Retail_HikariCP - Start completed.
25-05-23.21:52:45.878 [main            ] INFO  ActivityBaseActionChain - activity responsibility chain - basic information [validity period, status] verification start.
25-05-23.21:52:45.879 [main            ] INFO  ActivitySkuStockActionChain - activity responsibility chain - sku stock processing [verification & deduction] start.
25-05-23.21:52:45.882 [main            ] INFO  HikariDataSource       - Retail_HikariCP - Starting...
25-05-23.21:52:45.900 [main            ] INFO  HikariDataSource       - Retail_HikariCP - Start completed.
25-05-23.21:55:20.325 [main            ] INFO  RaffleOrderTest        - Starting RaffleOrderTest using Java 1.8.0_412 on Mac.lan with PID 45189 (started by bo in /Users/bo/IdeaProjects/XFG/big-market/big-market-app)
25-05-23.21:55:20.325 [main            ] INFO  RaffleOrderTest        - The following 1 profile is active: "dev"
25-05-23.21:55:20.823 [main            ] INFO  RepositoryConfigurationDelegate - Multiple Spring Data modules found, entering strict repository configuration mode
25-05-23.21:55:20.825 [main            ] INFO  RepositoryConfigurationDelegate - Bootstrapping Spring Data Redis repositories in DEFAULT mode.
25-05-23.21:55:20.845 [main            ] INFO  RepositoryConfigurationDelegate - Finished Spring Data repository scanning in 9 ms. Found 0 Redis repository interfaces.
25-05-23.21:55:21.638 [main            ] INFO  Version                - Redisson 3.23.4
25-05-23.21:55:21.652 [main            ] WARN  DnsServerAddressStreamProviders - Can not find io.netty.resolver.dns.macos.MacOSDnsServerAddressStreamProvider in the classpath, fallback to system defaults. This may result in incorrect DNS resolutions on MacOS. Check whether you have a dependency on 'io.netty:netty-resolver-dns-native-macos'
25-05-23.21:55:21.733 [redisson-netty-2-4] INFO  MasterPubSubConnectionPool - 1 connections initialized for 127.0.0.1/127.0.0.1:16379
25-05-23.21:55:21.743 [redisson-netty-2-13] INFO  MasterConnectionPool   - 5 connections initialized for 127.0.0.1/127.0.0.1:16379
25-05-23.21:55:22.619 [main            ] INFO  EndpointLinksResolver  - Exposing 1 endpoint(s) beneath base path '/actuator'
25-05-23.21:55:22.649 [main            ] INFO  RaffleOrderTest        - Started RaffleOrderTest in 2.552 seconds (JVM running for 3.207)
25-05-23.21:55:22.768 [main            ] INFO  HikariDataSource       - Retail_HikariCP - Starting...
25-05-23.21:55:22.970 [main            ] INFO  HikariDataSource       - Retail_HikariCP - Start completed.
25-05-23.21:55:23.024 [main            ] INFO  ActivityBaseActionChain - activity responsibility chain - basic information [validity period, status] verification start.
25-05-23.21:55:23.024 [main            ] INFO  ActivitySkuStockActionChain - activity responsibility chain - sku stock processing [verification & deduction] start.
25-05-23.21:55:23.026 [main            ] INFO  HikariDataSource       - Retail_HikariCP - Starting...
25-05-23.21:55:23.047 [main            ] INFO  HikariDataSource       - Retail_HikariCP - Start completed.
25-05-23.21:59:43.066 [main            ] INFO  RaffleOrderTest        - Starting RaffleOrderTest using Java 1.8.0_412 on Mac.lan with PID 45461 (started by bo in /Users/bo/IdeaProjects/XFG/big-market/big-market-app)
25-05-23.21:59:43.067 [main            ] INFO  RaffleOrderTest        - The following 1 profile is active: "dev"
25-05-23.21:59:43.515 [main            ] INFO  RepositoryConfigurationDelegate - Multiple Spring Data modules found, entering strict repository configuration mode
25-05-23.21:59:43.517 [main            ] INFO  RepositoryConfigurationDelegate - Bootstrapping Spring Data Redis repositories in DEFAULT mode.
25-05-23.21:59:43.538 [main            ] INFO  RepositoryConfigurationDelegate - Finished Spring Data repository scanning in 9 ms. Found 0 Redis repository interfaces.
25-05-23.21:59:44.312 [main            ] INFO  Version                - Redisson 3.23.4
25-05-23.21:59:44.327 [main            ] WARN  DnsServerAddressStreamProviders - Can not find io.netty.resolver.dns.macos.MacOSDnsServerAddressStreamProvider in the classpath, fallback to system defaults. This may result in incorrect DNS resolutions on MacOS. Check whether you have a dependency on 'io.netty:netty-resolver-dns-native-macos'
25-05-23.21:59:44.404 [redisson-netty-2-4] INFO  MasterPubSubConnectionPool - 1 connections initialized for 127.0.0.1/127.0.0.1:16379
25-05-23.21:59:44.414 [redisson-netty-2-13] INFO  MasterConnectionPool   - 5 connections initialized for 127.0.0.1/127.0.0.1:16379
25-05-23.21:59:45.275 [main            ] INFO  EndpointLinksResolver  - Exposing 1 endpoint(s) beneath base path '/actuator'
25-05-23.21:59:45.305 [main            ] INFO  RaffleOrderTest        - Started RaffleOrderTest in 2.441 seconds (JVM running for 2.876)
25-05-23.21:59:45.424 [main            ] INFO  HikariDataSource       - Retail_HikariCP - Starting...
25-05-23.21:59:45.615 [main            ] INFO  HikariDataSource       - Retail_HikariCP - Start completed.
25-05-23.21:59:45.665 [main            ] INFO  ActivityBaseActionChain - activity responsibility chain - basic information [validity period, status] verification start.
25-05-23.21:59:45.665 [main            ] INFO  ActivitySkuStockActionChain - activity responsibility chain - sku stock processing [verification & deduction] start.
25-05-23.21:59:45.668 [main            ] INFO  HikariDataSource       - Retail_HikariCP - Starting...
25-05-23.21:59:45.690 [main            ] INFO  HikariDataSource       - Retail_HikariCP - Start completed.
25-05-23.22:04:43.126 [main            ] INFO  RaffleOrderTest        - Starting RaffleOrderTest using Java 1.8.0_412 on Mac.lan with PID 45920 (started by bo in /Users/bo/IdeaProjects/XFG/big-market/big-market-app)
25-05-23.22:04:43.127 [main            ] INFO  RaffleOrderTest        - The following 1 profile is active: "dev"
25-05-23.22:04:43.573 [main            ] INFO  RepositoryConfigurationDelegate - Multiple Spring Data modules found, entering strict repository configuration mode
25-05-23.22:04:43.575 [main            ] INFO  RepositoryConfigurationDelegate - Bootstrapping Spring Data Redis repositories in DEFAULT mode.
25-05-23.22:04:43.596 [main            ] INFO  RepositoryConfigurationDelegate - Finished Spring Data repository scanning in 9 ms. Found 0 Redis repository interfaces.
25-05-23.22:04:44.359 [main            ] INFO  Version                - Redisson 3.23.4
25-05-23.22:04:44.375 [main            ] WARN  DnsServerAddressStreamProviders - Can not find io.netty.resolver.dns.macos.MacOSDnsServerAddressStreamProvider in the classpath, fallback to system defaults. This may result in incorrect DNS resolutions on MacOS. Check whether you have a dependency on 'io.netty:netty-resolver-dns-native-macos'
25-05-23.22:04:44.452 [redisson-netty-2-4] INFO  MasterPubSubConnectionPool - 1 connections initialized for 127.0.0.1/127.0.0.1:16379
25-05-23.22:04:44.463 [redisson-netty-2-13] INFO  MasterConnectionPool   - 5 connections initialized for 127.0.0.1/127.0.0.1:16379
25-05-23.22:04:45.329 [main            ] INFO  EndpointLinksResolver  - Exposing 1 endpoint(s) beneath base path '/actuator'
25-05-23.22:04:45.362 [main            ] INFO  RaffleOrderTest        - Started RaffleOrderTest in 2.432 seconds (JVM running for 2.837)
25-05-23.22:04:45.476 [main            ] INFO  HikariDataSource       - Retail_HikariCP - Starting...
25-05-23.22:04:45.666 [main            ] INFO  HikariDataSource       - Retail_HikariCP - Start completed.
25-05-23.22:04:45.725 [main            ] INFO  ActivityBaseActionChain - activity responsibility chain - basic information [validity period, status] verification start.
25-05-23.22:04:45.725 [main            ] INFO  ActivitySkuStockActionChain - activity responsibility chain - sku stock processing [verification & deduction] start.
25-05-23.22:04:45.727 [main            ] INFO  HikariDataSource       - Retail_HikariCP - Starting...
25-05-23.22:04:45.746 [main            ] INFO  HikariDataSource       - Retail_HikariCP - Start completed.
25-05-23.22:05:10.508 [main            ] INFO  RaffleOrderTest        - Starting RaffleOrderTest using Java 1.8.0_451 on Mac.lan with PID 46142 (started by bo in /Users/bo/IdeaProjects/XFG/big-market/big-market-app)
25-05-23.22:05:10.508 [main            ] INFO  RaffleOrderTest        - The following 1 profile is active: "dev"
25-05-23.22:05:10.937 [main            ] INFO  RepositoryConfigurationDelegate - Multiple Spring Data modules found, entering strict repository configuration mode
25-05-23.22:05:10.939 [main            ] INFO  RepositoryConfigurationDelegate - Bootstrapping Spring Data Redis repositories in DEFAULT mode.
25-05-23.22:05:10.956 [main            ] INFO  RepositoryConfigurationDelegate - Finished Spring Data repository scanning in 9 ms. Found 0 Redis repository interfaces.
25-05-23.22:05:11.700 [main            ] INFO  Version                - Redisson 3.23.4
25-05-23.22:05:11.713 [main            ] WARN  DnsServerAddressStreamProviders - Can not find io.netty.resolver.dns.macos.MacOSDnsServerAddressStreamProvider in the classpath, fallback to system defaults. This may result in incorrect DNS resolutions on MacOS. Check whether you have a dependency on 'io.netty:netty-resolver-dns-native-macos'
25-05-23.22:05:11.792 [redisson-netty-2-4] INFO  MasterPubSubConnectionPool - 1 connections initialized for 127.0.0.1/127.0.0.1:16379
25-05-23.22:05:11.800 [redisson-netty-2-13] INFO  MasterConnectionPool   - 5 connections initialized for 127.0.0.1/127.0.0.1:16379
25-05-23.22:05:12.665 [main            ] INFO  EndpointLinksResolver  - Exposing 1 endpoint(s) beneath base path '/actuator'
25-05-23.22:05:12.699 [main            ] INFO  RaffleOrderTest        - Started RaffleOrderTest in 2.414 seconds (JVM running for 2.86)
25-05-23.22:05:12.830 [main            ] INFO  HikariDataSource       - Retail_HikariCP - Starting...
25-05-23.22:05:13.078 [main            ] INFO  HikariDataSource       - Retail_HikariCP - Start completed.
25-05-23.22:05:13.129 [main            ] INFO  ActivityBaseActionChain - activity responsibility chain - basic information [validity period, status] verification start.
25-05-23.22:05:13.129 [main            ] INFO  ActivitySkuStockActionChain - activity responsibility chain - sku stock processing [verification & deduction] start.
25-05-23.22:05:13.131 [main            ] INFO  HikariDataSource       - Retail_HikariCP - Starting...
25-05-23.22:05:13.148 [main            ] INFO  HikariDataSource       - Retail_HikariCP - Start completed.
25-05-23.22:07:19.974 [main            ] INFO  RaffleOrderTest        - Starting RaffleOrderTest using Java 1.8.0_412 on Mac.lan with PID 46682 (started by bo in /Users/bo/IdeaProjects/XFG/big-market/big-market-app)
25-05-23.22:07:19.975 [main            ] INFO  RaffleOrderTest        - The following 1 profile is active: "dev"
25-05-23.22:07:20.454 [main            ] INFO  RepositoryConfigurationDelegate - Multiple Spring Data modules found, entering strict repository configuration mode
25-05-23.22:07:20.456 [main            ] INFO  RepositoryConfigurationDelegate - Bootstrapping Spring Data Redis repositories in DEFAULT mode.
25-05-23.22:07:20.475 [main            ] INFO  RepositoryConfigurationDelegate - Finished Spring Data repository scanning in 10 ms. Found 0 Redis repository interfaces.
25-05-23.22:07:21.296 [main            ] INFO  Version                - Redisson 3.23.4
25-05-23.22:07:21.311 [main            ] WARN  DnsServerAddressStreamProviders - Can not find io.netty.resolver.dns.macos.MacOSDnsServerAddressStreamProvider in the classpath, fallback to system defaults. This may result in incorrect DNS resolutions on MacOS. Check whether you have a dependency on 'io.netty:netty-resolver-dns-native-macos'
25-05-23.22:07:21.424 [redisson-netty-2-4] INFO  MasterPubSubConnectionPool - 1 connections initialized for 127.0.0.1/127.0.0.1:16379
25-05-23.22:07:21.435 [redisson-netty-2-13] INFO  MasterConnectionPool   - 5 connections initialized for 127.0.0.1/127.0.0.1:16379
25-05-23.22:07:22.441 [main            ] INFO  EndpointLinksResolver  - Exposing 1 endpoint(s) beneath base path '/actuator'
25-05-23.22:07:22.477 [main            ] INFO  RaffleOrderTest        - Started RaffleOrderTest in 2.714 seconds (JVM running for 4.021)
25-05-23.22:07:22.628 [main            ] INFO  HikariDataSource       - Retail_HikariCP - Starting...
25-05-23.22:07:22.833 [main            ] INFO  HikariDataSource       - Retail_HikariCP - Start completed.
25-05-23.22:07:22.885 [main            ] INFO  ActivityBaseActionChain - activity responsibility chain - basic information [validity period, status] verification start.
25-05-23.22:07:22.885 [main            ] INFO  ActivitySkuStockActionChain - activity responsibility chain - sku stock processing [verification & deduction] start.
25-05-23.22:08:34.692 [Retail_HikariCP housekeeper] WARN  HikariPool             - Retail_HikariCP - Thread starvation or clock leap detected (housekeeper delta=1m41s851ms).
25-05-23.22:08:34.690 [scheduling-1    ] INFO  UpdateAwardInventoryJob - Scheduled task, update award inventory [Delay queue acquisition, reduce database update frequency, do not generate competition]
25-05-23.22:08:34.709 [main            ] INFO  HikariDataSource       - Retail_HikariCP - Starting...
25-05-23.22:08:34.737 [main            ] INFO  HikariDataSource       - Retail_HikariCP - Start completed.
25-05-23.22:08:40.005 [main            ] INFO  RaffleOrderTest        - Starting RaffleOrderTest using Java 1.8.0_412 on Mac.lan with PID 46803 (started by bo in /Users/bo/IdeaProjects/XFG/big-market/big-market-app)
25-05-23.22:08:40.006 [main            ] INFO  RaffleOrderTest        - The following 1 profile is active: "dev"
25-05-23.22:08:40.443 [main            ] INFO  RepositoryConfigurationDelegate - Multiple Spring Data modules found, entering strict repository configuration mode
25-05-23.22:08:40.444 [main            ] INFO  RepositoryConfigurationDelegate - Bootstrapping Spring Data Redis repositories in DEFAULT mode.
25-05-23.22:08:40.464 [main            ] INFO  RepositoryConfigurationDelegate - Finished Spring Data repository scanning in 10 ms. Found 0 Redis repository interfaces.
25-05-23.22:08:41.173 [main            ] INFO  Version                - Redisson 3.23.4
25-05-23.22:08:41.186 [main            ] WARN  DnsServerAddressStreamProviders - Can not find io.netty.resolver.dns.macos.MacOSDnsServerAddressStreamProvider in the classpath, fallback to system defaults. This may result in incorrect DNS resolutions on MacOS. Check whether you have a dependency on 'io.netty:netty-resolver-dns-native-macos'
25-05-23.22:08:41.271 [redisson-netty-2-4] INFO  MasterPubSubConnectionPool - 1 connections initialized for 127.0.0.1/127.0.0.1:16379
25-05-23.22:08:41.280 [redisson-netty-2-13] INFO  MasterConnectionPool   - 5 connections initialized for 127.0.0.1/127.0.0.1:16379
25-05-23.22:08:42.121 [main            ] INFO  EndpointLinksResolver  - Exposing 1 endpoint(s) beneath base path '/actuator'
25-05-23.22:08:42.154 [main            ] INFO  RaffleOrderTest        - Started RaffleOrderTest in 2.333 seconds (JVM running for 2.721)
25-05-23.22:08:42.266 [main            ] INFO  HikariDataSource       - Retail_HikariCP - Starting...
25-05-23.22:08:42.430 [main            ] INFO  HikariDataSource       - Retail_HikariCP - Start completed.
25-05-23.22:08:42.474 [main            ] INFO  ActivityBaseActionChain - activity responsibility chain - basic information [validity period, status] verification start.
25-05-23.22:08:42.474 [main            ] INFO  ActivitySkuStockActionChain - activity responsibility chain - sku stock processing [verification & deduction] start.
25-05-23.22:08:42.476 [main            ] INFO  HikariDataSource       - Retail_HikariCP - Starting...
25-05-23.22:08:42.496 [main            ] INFO  HikariDataSource       - Retail_HikariCP - Start completed.
25-05-23.22:10:09.938 [main            ] INFO  RaffleOrderTest        - Starting RaffleOrderTest using Java 1.8.0_412 on Mac.lan with PID 46889 (started by bo in /Users/bo/IdeaProjects/XFG/big-market/big-market-app)
25-05-23.22:10:09.939 [main            ] INFO  RaffleOrderTest        - The following 1 profile is active: "dev"
25-05-23.22:10:10.452 [main            ] INFO  RepositoryConfigurationDelegate - Multiple Spring Data modules found, entering strict repository configuration mode
25-05-23.22:10:10.454 [main            ] INFO  RepositoryConfigurationDelegate - Bootstrapping Spring Data Redis repositories in DEFAULT mode.
25-05-23.22:10:10.479 [main            ] INFO  RepositoryConfigurationDelegate - Finished Spring Data repository scanning in 12 ms. Found 0 Redis repository interfaces.
25-05-23.22:10:11.331 [main            ] INFO  Version                - Redisson 3.23.4
25-05-23.22:10:11.353 [main            ] WARN  DnsServerAddressStreamProviders - Can not find io.netty.resolver.dns.macos.MacOSDnsServerAddressStreamProvider in the classpath, fallback to system defaults. This may result in incorrect DNS resolutions on MacOS. Check whether you have a dependency on 'io.netty:netty-resolver-dns-native-macos'
25-05-23.22:10:11.456 [redisson-netty-2-4] INFO  MasterPubSubConnectionPool - 1 connections initialized for 127.0.0.1/127.0.0.1:16379
25-05-23.22:10:11.464 [redisson-netty-2-13] INFO  MasterConnectionPool   - 5 connections initialized for 127.0.0.1/127.0.0.1:16379
25-05-23.22:10:12.445 [main            ] INFO  EndpointLinksResolver  - Exposing 1 endpoint(s) beneath base path '/actuator'
25-05-23.22:10:12.474 [main            ] INFO  RaffleOrderTest        - Started RaffleOrderTest in 2.75 seconds (JVM running for 3.207)
25-05-23.22:10:12.596 [main            ] INFO  HikariDataSource       - Retail_HikariCP - Starting...
25-05-23.22:10:12.789 [main            ] INFO  HikariDataSource       - Retail_HikariCP - Start completed.
25-05-23.22:10:12.835 [main            ] INFO  ActivityBaseActionChain - activity responsibility chain - basic information [validity period, status] verification start.
25-05-23.22:10:12.835 [main            ] INFO  ActivitySkuStockActionChain - activity responsibility chain - sku stock processing [verification & deduction] start.
25-05-23.22:10:12.837 [main            ] INFO  HikariDataSource       - Retail_HikariCP - Starting...
25-05-23.22:10:12.857 [main            ] INFO  HikariDataSource       - Retail_HikariCP - Start completed.
25-05-23.22:14:59.119 [main            ] INFO  RaffleOrderTest        - Starting RaffleOrderTest using Java 1.8.0_412 on Mac.lan with PID 47185 (started by bo in /Users/bo/IdeaProjects/XFG/big-market/big-market-app)
25-05-23.22:14:59.119 [main            ] INFO  RaffleOrderTest        - The following 1 profile is active: "dev"
25-05-23.22:14:59.549 [main            ] INFO  RepositoryConfigurationDelegate - Multiple Spring Data modules found, entering strict repository configuration mode
25-05-23.22:14:59.551 [main            ] INFO  RepositoryConfigurationDelegate - Bootstrapping Spring Data Redis repositories in DEFAULT mode.
25-05-23.22:14:59.570 [main            ] INFO  RepositoryConfigurationDelegate - Finished Spring Data repository scanning in 10 ms. Found 0 Redis repository interfaces.
25-05-23.22:15:00.337 [main            ] INFO  Version                - Redisson 3.23.4
25-05-23.22:15:00.352 [main            ] WARN  DnsServerAddressStreamProviders - Can not find io.netty.resolver.dns.macos.MacOSDnsServerAddressStreamProvider in the classpath, fallback to system defaults. This may result in incorrect DNS resolutions on MacOS. Check whether you have a dependency on 'io.netty:netty-resolver-dns-native-macos'
25-05-23.22:15:00.428 [redisson-netty-2-4] INFO  MasterPubSubConnectionPool - 1 connections initialized for 127.0.0.1/127.0.0.1:16379
25-05-23.22:15:00.437 [redisson-netty-2-13] INFO  MasterConnectionPool   - 5 connections initialized for 127.0.0.1/127.0.0.1:16379
25-05-23.22:15:01.271 [main            ] INFO  EndpointLinksResolver  - Exposing 1 endpoint(s) beneath base path '/actuator'
25-05-23.22:15:01.300 [main            ] INFO  RaffleOrderTest        - Started RaffleOrderTest in 2.379 seconds (JVM running for 2.802)
25-05-23.22:15:01.412 [main            ] INFO  HikariDataSource       - Retail_HikariCP - Starting...
25-05-23.22:15:01.604 [main            ] INFO  HikariDataSource       - Retail_HikariCP - Start completed.
25-05-23.22:15:01.656 [main            ] INFO  ActivityBaseActionChain - activity responsibility chain - basic information [validity period, status] verification start.
25-05-23.22:15:01.656 [main            ] INFO  ActivitySkuStockActionChain - activity responsibility chain - sku stock processing [verification & deduction] start.
25-05-23.22:15:01.658 [main            ] INFO  HikariDataSource       - Retail_HikariCP - Starting...
25-05-23.22:15:01.678 [main            ] INFO  HikariDataSource       - Retail_HikariCP - Start completed.
25-05-23.22:15:01.695 [main            ] INFO  RaffleOrderTest        - Test results：505067285792
25-05-23.22:15:10.524 [main            ] INFO  RaffleOrderTest        - Starting RaffleOrderTest using Java 1.8.0_412 on Mac.lan with PID 47199 (started by bo in /Users/bo/IdeaProjects/XFG/big-market/big-market-app)
25-05-23.22:15:10.525 [main            ] INFO  RaffleOrderTest        - The following 1 profile is active: "dev"
25-05-23.22:15:10.918 [main            ] INFO  RepositoryConfigurationDelegate - Multiple Spring Data modules found, entering strict repository configuration mode
25-05-23.22:15:10.919 [main            ] INFO  RepositoryConfigurationDelegate - Bootstrapping Spring Data Redis repositories in DEFAULT mode.
25-05-23.22:15:10.938 [main            ] INFO  RepositoryConfigurationDelegate - Finished Spring Data repository scanning in 9 ms. Found 0 Redis repository interfaces.
25-05-23.22:15:11.661 [main            ] INFO  Version                - Redisson 3.23.4
25-05-23.22:15:11.674 [main            ] WARN  DnsServerAddressStreamProviders - Can not find io.netty.resolver.dns.macos.MacOSDnsServerAddressStreamProvider in the classpath, fallback to system defaults. This may result in incorrect DNS resolutions on MacOS. Check whether you have a dependency on 'io.netty:netty-resolver-dns-native-macos'
25-05-23.22:15:11.756 [redisson-netty-2-4] INFO  MasterPubSubConnectionPool - 1 connections initialized for 127.0.0.1/127.0.0.1:16379
25-05-23.22:15:11.766 [redisson-netty-2-13] INFO  MasterConnectionPool   - 5 connections initialized for 127.0.0.1/127.0.0.1:16379
25-05-23.22:15:12.624 [main            ] INFO  EndpointLinksResolver  - Exposing 1 endpoint(s) beneath base path '/actuator'
25-05-23.22:15:12.654 [main            ] INFO  RaffleOrderTest        - Started RaffleOrderTest in 2.353 seconds (JVM running for 2.805)
25-05-23.22:15:12.761 [main            ] INFO  HikariDataSource       - Retail_HikariCP - Starting...
25-05-23.22:15:12.945 [main            ] INFO  HikariDataSource       - Retail_HikariCP - Start completed.
25-05-23.22:15:12.991 [main            ] INFO  ActivityBaseActionChain - activity responsibility chain - basic information [validity period, status] verification start.
25-05-23.22:15:12.991 [main            ] INFO  ActivitySkuStockActionChain - activity responsibility chain - sku stock processing [verification & deduction] start.
25-05-23.22:15:12.992 [main            ] INFO  HikariDataSource       - Retail_HikariCP - Starting...
25-05-23.22:15:13.016 [main            ] INFO  HikariDataSource       - Retail_HikariCP - Start completed.
25-05-23.22:15:13.050 [main            ] ERROR ActivityRepository     - writing order record, unique index conflict userId: xiaofuge activityId: 100301 sku: 9011
org.springframework.dao.DuplicateKeyException: 
### Error updating database.  Cause: java.sql.SQLIntegrityConstraintViolationException: Duplicate entry '700091009111' for key 'raffle_activity_order_001.uq_out_business_no'
### The error may exist in file [/Users/bo/IdeaProjects/XFG/big-market/big-market-app/target/classes/mybatis/mapper/raffle_activity_order_mapper.xml]
### The error may involve cn.bobo.infrastructure.persistent.dao.IRaffleActivityOrderDao.insert-Inline
### The error occurred while setting parameters
### SQL: INSERT INTO raffle_activity_order_001         (user_id, sku, activity_id, activity_name, strategy_id, order_id, order_time, state, out_business_no, total_count, day_count, month_count,          create_time, update_time)         VALUES             (?, ?, ?, ?, ?, ?, ?, ?, ?, ?, ?, ?,              now(), now())
### Cause: java.sql.SQLIntegrityConstraintViolationException: Duplicate entry '700091009111' for key 'raffle_activity_order_001.uq_out_business_no'
; Duplicate entry '700091009111' for key 'raffle_activity_order_001.uq_out_business_no'; nested exception is java.sql.SQLIntegrityConstraintViolationException: Duplicate entry '700091009111' for key 'raffle_activity_order_001.uq_out_business_no'
	at org.springframework.jdbc.support.SQLErrorCodeSQLExceptionTranslator.doTranslate(SQLErrorCodeSQLExceptionTranslator.java:247)
	at org.springframework.jdbc.support.AbstractFallbackSQLExceptionTranslator.translate(AbstractFallbackSQLExceptionTranslator.java:70)
	at org.mybatis.spring.MyBatisExceptionTranslator.translateExceptionIfPossible(MyBatisExceptionTranslator.java:91)
	at org.mybatis.spring.SqlSessionTemplate$SqlSessionInterceptor.invoke(SqlSessionTemplate.java:441)
	at com.sun.proxy.$Proxy105.insert(Unknown Source)
	at org.mybatis.spring.SqlSessionTemplate.insert(SqlSessionTemplate.java:272)
	at org.apache.ibatis.binding.MapperMethod.execute(MapperMethod.java:62)
	at org.apache.ibatis.binding.MapperProxy$PlainMethodInvoker.invoke(MapperProxy.java:152)
	at org.apache.ibatis.binding.MapperProxy.invoke(MapperProxy.java:85)
	at com.sun.proxy.$Proxy119.insert(Unknown Source)
	at sun.reflect.NativeMethodAccessorImpl.invoke0(Native Method)
	at sun.reflect.NativeMethodAccessorImpl.invoke(NativeMethodAccessorImpl.java:62)
	at sun.reflect.DelegatingMethodAccessorImpl.invoke(DelegatingMethodAccessorImpl.java:43)
	at java.lang.reflect.Method.invoke(Method.java:498)
	at org.springframework.aop.support.AopUtils.invokeJoinpointUsingReflection(AopUtils.java:344)
	at org.springframework.aop.framework.ReflectiveMethodInvocation.invokeJoinpoint(ReflectiveMethodInvocation.java:198)
	at org.springframework.aop.framework.ReflectiveMethodInvocation.proceed(ReflectiveMethodInvocation.java:163)
	at org.springframework.aop.interceptor.ExposeInvocationInterceptor.invoke(ExposeInvocationInterceptor.java:97)
	at org.springframework.aop.framework.ReflectiveMethodInvocation.proceed(ReflectiveMethodInvocation.java:186)
	at org.springframework.aop.framework.JdkDynamicAopProxy.invoke(JdkDynamicAopProxy.java:220)
	at com.sun.proxy.$Proxy120.insert(Unknown Source)
	at cn.bobo.infrastructure.persistent.repository.ActivityRepository.lambda$0(ActivityRepository.java:144)
	at org.springframework.transaction.support.TransactionTemplate.execute(TransactionTemplate.java:140)
	at cn.bobo.infrastructure.persistent.repository.ActivityRepository.doSaveOrder(ActivityRepository.java:141)
	at cn.bobo.infrastructure.persistent.repository.ActivityRepository$$FastClassBySpringCGLIB$$9cf351e0.invoke(<generated>)
	at org.springframework.cglib.proxy.MethodProxy.invoke(MethodProxy.java:218)
	at org.springframework.aop.framework.CglibAopProxy$CglibMethodInvocation.invokeJoinpoint(CglibAopProxy.java:793)
	at org.springframework.aop.framework.ReflectiveMethodInvocation.proceed(ReflectiveMethodInvocation.java:163)
	at org.springframework.aop.framework.CglibAopProxy$CglibMethodInvocation.proceed(CglibAopProxy.java:763)
	at org.springframework.dao.support.PersistenceExceptionTranslationInterceptor.invoke(PersistenceExceptionTranslationInterceptor.java:137)
	at org.springframework.aop.framework.ReflectiveMethodInvocation.proceed(ReflectiveMethodInvocation.java:186)
	at org.springframework.aop.framework.CglibAopProxy$CglibMethodInvocation.proceed(CglibAopProxy.java:763)
	at org.springframework.aop.framework.CglibAopProxy$DynamicAdvisedInterceptor.intercept(CglibAopProxy.java:708)
	at cn.bobo.infrastructure.persistent.repository.ActivityRepository$$EnhancerBySpringCGLIB$$e8ca2e4a.doSaveOrder(<generated>)
	at cn.bobo.domain.activity.service.quota.RaffleActivityAccountQuotaService.doSaveOrder(RaffleActivityService.java:56)
	at cn.bobo.domain.activity.service.quota.AbstractRaffleActivityAccountQuota.createSkuRechargeOrder(AbstractRaffleActivity.java:65)
	at cn.bobo.test.domain.activity.RaffleOrderTest.test_createSkuRechargeOrder(RaffleOrderTest.java:40)
	at sun.reflect.NativeMethodAccessorImpl.invoke0(Native Method)
	at sun.reflect.NativeMethodAccessorImpl.invoke(NativeMethodAccessorImpl.java:62)
	at sun.reflect.DelegatingMethodAccessorImpl.invoke(DelegatingMethodAccessorImpl.java:43)
	at java.lang.reflect.Method.invoke(Method.java:498)
	at org.junit.runners.model.FrameworkMethod$1.runReflectiveCall(FrameworkMethod.java:59)
	at org.junit.internal.runners.model.ReflectiveCallable.run(ReflectiveCallable.java:12)
	at org.junit.runners.model.FrameworkMethod.invokeExplosively(FrameworkMethod.java:56)
	at org.junit.internal.runners.statements.InvokeMethod.evaluate(InvokeMethod.java:17)
	at org.springframework.test.context.junit4.statements.RunBeforeTestExecutionCallbacks.evaluate(RunBeforeTestExecutionCallbacks.java:74)
	at org.springframework.test.context.junit4.statements.RunAfterTestExecutionCallbacks.evaluate(RunAfterTestExecutionCallbacks.java:84)
	at org.springframework.test.context.junit4.statements.RunBeforeTestMethodCallbacks.evaluate(RunBeforeTestMethodCallbacks.java:75)
	at org.springframework.test.context.junit4.statements.RunAfterTestMethodCallbacks.evaluate(RunAfterTestMethodCallbacks.java:86)
	at org.springframework.test.context.junit4.statements.SpringRepeat.evaluate(SpringRepeat.java:84)
	at org.junit.runners.ParentRunner.runLeaf(ParentRunner.java:366)
	at org.springframework.test.context.junit4.SpringJUnit4ClassRunner.runChild(SpringJUnit4ClassRunner.java:251)
	at org.springframework.test.context.junit4.SpringJUnit4ClassRunner.runChild(SpringJUnit4ClassRunner.java:97)
	at org.junit.runners.ParentRunner$4.run(ParentRunner.java:331)
	at org.junit.runners.ParentRunner$1.schedule(ParentRunner.java:79)
	at org.junit.runners.ParentRunner.runChildren(ParentRunner.java:329)
	at org.junit.runners.ParentRunner.access$100(ParentRunner.java:66)
	at org.junit.runners.ParentRunner$2.evaluate(ParentRunner.java:293)
	at org.springframework.test.context.junit4.statements.RunBeforeTestClassCallbacks.evaluate(RunBeforeTestClassCallbacks.java:61)
	at org.springframework.test.context.junit4.statements.RunAfterTestClassCallbacks.evaluate(RunAfterTestClassCallbacks.java:70)
	at org.junit.runners.ParentRunner$3.evaluate(ParentRunner.java:306)
	at org.junit.runners.ParentRunner.run(ParentRunner.java:413)
	at org.springframework.test.context.junit4.SpringJUnit4ClassRunner.run(SpringJUnit4ClassRunner.java:190)
	at org.junit.runner.JUnitCore.run(JUnitCore.java:137)
	at com.intellij.junit4.JUnit4IdeaTestRunner.startRunnerWithArgs(JUnit4IdeaTestRunner.java:69)
	at com.intellij.rt.junit.IdeaTestRunner$Repeater$1.execute(IdeaTestRunner.java:38)
	at com.intellij.rt.execution.junit.TestsRepeater.repeat(TestsRepeater.java:11)
	at com.intellij.rt.junit.IdeaTestRunner$Repeater.startRunnerWithArgs(IdeaTestRunner.java:35)
	at com.intellij.rt.junit.JUnitStarter.prepareStreamsAndStart(JUnitStarter.java:231)
	at com.intellij.rt.junit.JUnitStarter.main(JUnitStarter.java:55)
Caused by: java.sql.SQLIntegrityConstraintViolationException: Duplicate entry '700091009111' for key 'raffle_activity_order_001.uq_out_business_no'
	at com.mysql.cj.jdbc.exceptions.SQLError.createSQLException(SQLError.java:117)
	at com.mysql.cj.jdbc.exceptions.SQLError.createSQLException(SQLError.java:97)
	at com.mysql.cj.jdbc.exceptions.SQLExceptionsMapping.translateException(SQLExceptionsMapping.java:122)
	at com.mysql.cj.jdbc.ClientPreparedStatement.executeInternal(ClientPreparedStatement.java:953)
	at com.mysql.cj.jdbc.ClientPreparedStatement.execute(ClientPreparedStatement.java:370)
	at com.zaxxer.hikari.pool.ProxyPreparedStatement.execute(ProxyPreparedStatement.java:44)
	at com.zaxxer.hikari.pool.HikariProxyPreparedStatement.execute(HikariProxyPreparedStatement.java)
	at org.apache.ibatis.executor.statement.PreparedStatementHandler.update(PreparedStatementHandler.java:47)
	at org.apache.ibatis.executor.statement.RoutingStatementHandler.update(RoutingStatementHandler.java:74)
	at sun.reflect.NativeMethodAccessorImpl.invoke0(Native Method)
	at sun.reflect.NativeMethodAccessorImpl.invoke(NativeMethodAccessorImpl.java:62)
	at sun.reflect.DelegatingMethodAccessorImpl.invoke(DelegatingMethodAccessorImpl.java:43)
	at java.lang.reflect.Method.invoke(Method.java:498)
	at org.apache.ibatis.plugin.Plugin.invoke(Plugin.java:63)
	at com.sun.proxy.$Proxy179.update(Unknown Source)
	at org.apache.ibatis.executor.SimpleExecutor.doUpdate(SimpleExecutor.java:50)
	at org.apache.ibatis.executor.BaseExecutor.update(BaseExecutor.java:117)
	at org.apache.ibatis.executor.CachingExecutor.update(CachingExecutor.java:76)
	at org.apache.ibatis.session.defaults.DefaultSqlSession.update(DefaultSqlSession.java:197)
	at org.apache.ibatis.session.defaults.DefaultSqlSession.insert(DefaultSqlSession.java:184)
	at sun.reflect.NativeMethodAccessorImpl.invoke0(Native Method)
	at sun.reflect.NativeMethodAccessorImpl.invoke(NativeMethodAccessorImpl.java:62)
	at sun.reflect.DelegatingMethodAccessorImpl.invoke(DelegatingMethodAccessorImpl.java:43)
	at java.lang.reflect.Method.invoke(Method.java:498)
	at org.mybatis.spring.SqlSessionTemplate$SqlSessionInterceptor.invoke(SqlSessionTemplate.java:427)
	... 66 common frames omitted
25-05-23.22:16:49.260 [main            ] INFO  RaffleOrderTest        - Starting RaffleOrderTest using Java 1.8.0_412 on Mac.lan with PID 47307 (started by bo in /Users/bo/IdeaProjects/XFG/big-market/big-market-app)
25-05-23.22:16:49.260 [main            ] INFO  RaffleOrderTest        - The following 1 profile is active: "dev"
25-05-23.22:16:49.710 [main            ] INFO  RepositoryConfigurationDelegate - Multiple Spring Data modules found, entering strict repository configuration mode
25-05-23.22:16:49.712 [main            ] INFO  RepositoryConfigurationDelegate - Bootstrapping Spring Data Redis repositories in DEFAULT mode.
25-05-23.22:16:49.732 [main            ] INFO  RepositoryConfigurationDelegate - Finished Spring Data repository scanning in 9 ms. Found 0 Redis repository interfaces.
25-05-23.22:16:50.475 [main            ] INFO  Version                - Redisson 3.23.4
25-05-23.22:16:50.489 [main            ] WARN  DnsServerAddressStreamProviders - Can not find io.netty.resolver.dns.macos.MacOSDnsServerAddressStreamProvider in the classpath, fallback to system defaults. This may result in incorrect DNS resolutions on MacOS. Check whether you have a dependency on 'io.netty:netty-resolver-dns-native-macos'
25-05-23.22:16:50.573 [redisson-netty-2-4] INFO  MasterPubSubConnectionPool - 1 connections initialized for 127.0.0.1/127.0.0.1:16379
25-05-23.22:16:50.583 [redisson-netty-2-13] INFO  MasterConnectionPool   - 5 connections initialized for 127.0.0.1/127.0.0.1:16379
25-05-23.22:16:51.454 [main            ] INFO  EndpointLinksResolver  - Exposing 1 endpoint(s) beneath base path '/actuator'
25-05-23.22:16:51.485 [main            ] INFO  RaffleOrderTest        - Started RaffleOrderTest in 2.425 seconds (JVM running for 2.829)
25-05-23.22:16:51.599 [main            ] INFO  HikariDataSource       - Retail_HikariCP - Starting...
25-05-23.22:16:51.788 [main            ] INFO  HikariDataSource       - Retail_HikariCP - Start completed.
25-05-23.22:16:51.842 [main            ] INFO  ActivityBaseActionChain - activity responsibility chain - basic information [validity period, status] verification start.
25-05-23.22:16:51.842 [main            ] INFO  ActivitySkuStockActionChain - activity responsibility chain - sku stock processing [verification & deduction] start.
25-05-23.22:16:51.844 [main            ] INFO  HikariDataSource       - Retail_HikariCP - Starting...
25-05-23.22:16:51.867 [main            ] INFO  HikariDataSource       - Retail_HikariCP - Start completed.
25-05-23.22:16:51.890 [main            ] INFO  RaffleOrderTest        - Test results：698885641868
